<?xml version="1.0" encoding="UTF-8" ?>
<testsuite tests="13" failures="0" name="sessionbuddy.KeywordSearchTest" time="4.732" errors="0" skipped="0">
  <properties>
[...]
</properties>
  <testcase classname="sessionbuddy.KeywordSearchTest" name="testSearchEventsWithPagination" time="0.237"/>
  <testcase classname="sessionbuddy.KeywordSearchTest" name="testSearchRecordingsWithoutPagination" time="0.551"/>
  <testcase classname="sessionbuddy.KeywordSearchTest" name="testSearchSessionsWithoutPagination" time="0.258"/>
  <testcase classname="sessionbuddy.KeywordSearchTest" name="testSearchSessionsWithPaginationWithNoResults" time="0.233"/>
  <testcase classname="sessionbuddy.KeywordSearchTest" name="testSearchDiscussionsWithPagination" time="0.212"/>
  <testcase classname="sessionbuddy.KeywordSearchTest" name="testSearchTripsWithPagination" time="0.155"/>
  <testcase classname="sessionbuddy.KeywordSearchTest" name="testSearchSessionsWithPagination" time="0.242"/>
  <testcase classname="sessionbuddy.KeywordSearchTest" name="testSearchTunesWithPagination" time="0.843"/>
  <testcase classname="sessionbuddy.KeywordSearchTest" name="testSearchTunesWithoutPagination" time="0.715"/>
  <testcase classname="sessionbuddy.KeywordSearchTest" name="testSearchDiscussionsWithoutPagination" time="0.185"/>
  <testcase classname="sessionbuddy.KeywordSearchTest" name="testSearchRecordingsWithPagination" time="0.549"/>
  <testcase classname="sessionbuddy.KeywordSearchTest" name="testSearchTripsWithoutPagination" time="0.138"/>
  <testcase classname="sessionbuddy.KeywordSearchTest" name="testSearchEventsWithoutPagination" time="0.414"/>
</testsuite>